Build started 7/10/2015 4:30:34 PM.
     1>Project "C:\Users\Alex\documents\visual studio 2013\Projects\Crypto_Nightmare\Crypto_Nightmare\Crypto_Nightmare.vcxproj" on node 2 (Build target(s)).
     1>ClCompile:
         C:\Program Files (x86)\Microsoft Visual Studio 12.0\VC\bin\CL.exe /c /ZI /nologo /W3 /WX- /sdl /Od /Oy- /D _MBCS /Gm /EHsc /RTC1 /MDd /GS /fp:precise /Zc:wchar_t /Zc:forScope /Fo"Debug\\" /Fd"Debug\vc120.pdb" /Gd /TP /analyze- /errorReport:prompt Enigma.cpp LFSR.cpp Wheel.cpp main.cpp
         main.cpp
         LFSR.cpp
         Generating Code...
         Compiling...
         Enigma.cpp
         Generating Code...
         Skipping... (no relevant changes detected)
         Wheel.cpp
       Link:
         C:\Program Files (x86)\Microsoft Visual Studio 12.0\VC\bin\link.exe /ERRORREPORT:PROMPT /OUT:"C:\Users\Alex\documents\visual studio 2013\Projects\Crypto_Nightmare\Debug\Crypto_Nightmare.exe" /INCREMENTAL /NOLOGO kernel32.lib user32.lib gdi32.lib winspool.lib comdlg32.lib advapi32.lib shell32.lib ole32.lib oleaut32.lib uuid.lib odbc32.lib odbccp32.lib /MANIFEST /MANIFESTUAC:"level='asInvoker' uiAccess='false'" /manifest:embed /DEBUG /PDB:"C:\Users\Alex\documents\visual studio 2013\Projects\Crypto_Nightmare\Debug\Crypto_Nightmare.pdb" /TLBID:1 /DYNAMICBASE /NXCOMPAT /IMPLIB:"C:\Users\Alex\documents\visual studio 2013\Projects\Crypto_Nightmare\Debug\Crypto_Nightmare.lib" /MACHINE:X86 Debug\Enigma.obj
         Debug\LFSR.obj
         Debug\main.obj
         Debug\Timer.obj
         Debug\Wheel.obj
         Crypto_Nightmare.vcxproj -> C:\Users\Alex\documents\visual studio 2013\Projects\Crypto_Nightmare\Debug\Crypto_Nightmare.exe
     1>Done Building Project "C:\Users\Alex\documents\visual studio 2013\Projects\Crypto_Nightmare\Crypto_Nightmare\Crypto_Nightmare.vcxproj" (Build target(s)).

Build succeeded.

Time Elapsed 00:00:00.97
